<?xml version="1.0" encoding="UTF-8"?>
<testsuite name="com.insta.jangstagram.service.PostServiceTest" tests="1" skipped="0" failures="0" errors="0" timestamp="2023-02-11T10:48:22" hostname="ijanghuiui-MacBookPro.local" time="0.13">
  <properties/>
  <testcase name="글 한개 조회" classname="com.insta.jangstagram.service.PostServiceTest" time="0.13"/>
  <system-out><![CDATA[19:48:20.975 [Test worker] DEBUG org.springframework.boot.test.context.SpringBootTestContextBootstrapper - Neither @ContextConfiguration nor @ContextHierarchy found for test class [PostServiceTest]: using SpringBootContextLoader
19:48:20.977 [Test worker] DEBUG org.springframework.test.context.support.AbstractContextLoader - Could not detect default resource locations for test class [com.insta.jangstagram.service.PostServiceTest]: no resource found for suffixes {-context.xml, Context.groovy}.
19:48:20.978 [Test worker] INFO org.springframework.test.context.support.AnnotationConfigContextLoaderUtils - Could not detect default configuration classes for test class [com.insta.jangstagram.service.PostServiceTest]: PostServiceTest does not declare any static, non-private, non-final, nested classes annotated with @Configuration.
19:48:20.988 [Test worker] DEBUG org.springframework.boot.test.context.SpringBootTestContextBootstrapper - Using ContextCustomizers for test class [PostServiceTest]: [DisableObservabilityContextCustomizer, PropertyMappingContextCustomizer, Customizer, ExcludeFilterContextCustomizer, DuplicateJsonObjectContextCustomizer, MockitoContextCustomizer, TestRestTemplateContextCustomizer]
19:48:21.018 [Test worker] DEBUG org.springframework.context.annotation.ClassPathScanningCandidateComponentProvider - Identified candidate component class: file [/Users/leeeehgnaj/Desktop/Coding/Jangstagram/build/classes/java/main/com/insta/jangstagram/JangstagramApplication.class]
19:48:21.019 [Test worker] INFO org.springframework.boot.test.context.SpringBootTestContextBootstrapper - Found @SpringBootConfiguration com.insta.jangstagram.JangstagramApplication for test class com.insta.jangstagram.service.PostServiceTest
19:48:21.054 [Test worker] DEBUG org.springframework.boot.test.context.SpringBootTestContextBootstrapper - Using TestExecutionListeners for test class [PostServiceTest]: [ServletTestExecutionListener, DirtiesContextBeforeModesTestExecutionListener, ApplicationEventsTestExecutionListener, MockitoTestExecutionListener, DependencyInjectionTestExecutionListener, DirtiesContextTestExecutionListener, TransactionalTestExecutionListener, SqlScriptsTestExecutionListener, EventPublishingTestExecutionListener, RestDocsTestExecutionListener, MockRestServiceServerResetTestExecutionListener, MockMvcPrintOnlyOnFailureTestExecutionListener, WebDriverTestExecutionListener, MockWebServiceServerTestExecutionListener, ResetMocksTestExecutionListener]
19:48:21.055 [Test worker] DEBUG org.springframework.test.context.support.AbstractDirtiesContextTestExecutionListener - Before test class: class [PostServiceTest], class annotated with @DirtiesContext [false] with mode [null]

  .   ____          _            __ _ _
 /\\ / ___'_ __ _ _(_)_ __  __ _ \ \ \ \
( ( )\___ | '_ | '_| | '_ \/ _` | \ \ \ \
 \\/  ___)| |_)| | | | | || (_| |  ) ) ) )
  '  |____| .__|_| |_|_| |_\__, | / / / /
 =========|_|==============|___/=/_/_/_/
 :: Spring Boot ::                (v3.0.2)

2023-02-11T19:48:21.166+09:00  INFO 23088 --- [    Test worker] c.i.jangstagram.service.PostServiceTest  : Starting PostServiceTest using Java 17.0.2 with PID 23088 (started by leeeehgnaj in /Users/leeeehgnaj/Desktop/Coding/Jangstagram)
2023-02-11T19:48:21.166+09:00  INFO 23088 --- [    Test worker] c.i.jangstagram.service.PostServiceTest  : No active profile set, falling back to 1 default profile: "default"
2023-02-11T19:48:21.416+09:00  INFO 23088 --- [    Test worker] .s.d.r.c.RepositoryConfigurationDelegate : Bootstrapping Spring Data JPA repositories in DEFAULT mode.
2023-02-11T19:48:21.438+09:00  INFO 23088 --- [    Test worker] .s.d.r.c.RepositoryConfigurationDelegate : Finished Spring Data repository scanning in 18 ms. Found 1 JPA repository interfaces.
2023-02-11T19:48:21.590+09:00  INFO 23088 --- [    Test worker] com.zaxxer.hikari.HikariDataSource       : HikariPool-1 - Starting...
2023-02-11T19:48:21.668+09:00  INFO 23088 --- [    Test worker] com.zaxxer.hikari.pool.HikariPool        : HikariPool-1 - Added connection conn0: url=jdbc:h2:mem:31964b8c-342c-451c-9946-d063da9244f6 user=SA
2023-02-11T19:48:21.668+09:00  INFO 23088 --- [    Test worker] com.zaxxer.hikari.HikariDataSource       : HikariPool-1 - Start completed.
2023-02-11T19:48:21.691+09:00  INFO 23088 --- [    Test worker] o.hibernate.jpa.internal.util.LogHelper  : HHH000204: Processing PersistenceUnitInfo [name: default]
2023-02-11T19:48:21.713+09:00  INFO 23088 --- [    Test worker] org.hibernate.Version                    : HHH000412: Hibernate ORM core version 6.1.6.Final
2023-02-11T19:48:21.773+09:00  WARN 23088 --- [    Test worker] org.hibernate.orm.deprecation            : HHH90000021: Encountered deprecated setting [javax.persistence.sharedCache.mode], use [jakarta.persistence.sharedCache.mode] instead
2023-02-11T19:48:21.825+09:00  INFO 23088 --- [    Test worker] SQL dialect                              : HHH000400: Using dialect: org.hibernate.dialect.H2Dialect
2023-02-11T19:48:22.104+09:00  INFO 23088 --- [    Test worker] o.h.e.t.j.p.i.JtaPlatformInitiator       : HHH000490: Using JtaPlatform implementation: [org.hibernate.engine.transaction.jta.platform.internal.NoJtaPlatform]
2023-02-11T19:48:22.111+09:00  INFO 23088 --- [    Test worker] j.LocalContainerEntityManagerFactoryBean : Initialized JPA EntityManagerFactory for persistence unit 'default'
2023-02-11T19:48:22.268+09:00  WARN 23088 --- [    Test worker] JpaBaseConfiguration$JpaWebConfiguration : spring.jpa.open-in-view is enabled by default. Therefore, database queries may be performed during view rendering. Explicitly configure spring.jpa.open-in-view to disable this warning
2023-02-11T19:48:22.411+09:00  INFO 23088 --- [    Test worker] c.i.jangstagram.service.PostServiceTest  : Started PostServiceTest in 1.34 seconds (process running for 1.76)
]]></system-out>
  <system-err><![CDATA[]]></system-err>
</testsuite>
