<?xml version="1.0" encoding="UTF-8"?>
<testsuite name="com.insta.jangstagram.controller.PostControllerTest" tests="1" skipped="0" failures="0" errors="0" timestamp="2023-02-12T13:40:32" hostname="ijanghuiui-MacBookPro.local" time="0.241">
  <properties/>
  <testcase name="글 전체 조회할 때 제목과 내용 비교" classname="com.insta.jangstagram.controller.PostControllerTest" time="0.241"/>
  <system-out><![CDATA[22:40:31.412 [Test worker] DEBUG org.springframework.boot.test.context.SpringBootTestContextBootstrapper - Neither @ContextConfiguration nor @ContextHierarchy found for test class [PostControllerTest]: using SpringBootContextLoader
22:40:31.414 [Test worker] DEBUG org.springframework.test.context.support.AbstractContextLoader - Could not detect default resource locations for test class [com.insta.jangstagram.controller.PostControllerTest]: no resource found for suffixes {-context.xml, Context.groovy}.
22:40:31.414 [Test worker] INFO org.springframework.test.context.support.AnnotationConfigContextLoaderUtils - Could not detect default configuration classes for test class [com.insta.jangstagram.controller.PostControllerTest]: PostControllerTest does not declare any static, non-private, non-final, nested classes annotated with @Configuration.
22:40:31.426 [Test worker] DEBUG org.springframework.boot.test.context.SpringBootTestContextBootstrapper - Using ContextCustomizers for test class [PostControllerTest]: [DisableObservabilityContextCustomizer, PropertyMappingContextCustomizer, Customizer, ImportsContextCustomizer, ExcludeFilterContextCustomizer, DuplicateJsonObjectContextCustomizer, MockitoContextCustomizer, TestRestTemplateContextCustomizer]
22:40:31.459 [Test worker] DEBUG org.springframework.context.annotation.ClassPathScanningCandidateComponentProvider - Identified candidate component class: file [/Users/leeeehgnaj/Desktop/Coding/Jangstagram/build/classes/java/main/com/insta/jangstagram/JangstagramApplication.class]
22:40:31.459 [Test worker] INFO org.springframework.boot.test.context.SpringBootTestContextBootstrapper - Found @SpringBootConfiguration com.insta.jangstagram.JangstagramApplication for test class com.insta.jangstagram.controller.PostControllerTest
22:40:31.493 [Test worker] DEBUG org.springframework.boot.test.context.SpringBootTestContextBootstrapper - Using TestExecutionListeners for test class [PostControllerTest]: [ServletTestExecutionListener, DirtiesContextBeforeModesTestExecutionListener, ApplicationEventsTestExecutionListener, MockitoTestExecutionListener, DependencyInjectionTestExecutionListener, DirtiesContextTestExecutionListener, TransactionalTestExecutionListener, SqlScriptsTestExecutionListener, EventPublishingTestExecutionListener, RestDocsTestExecutionListener, MockRestServiceServerResetTestExecutionListener, MockMvcPrintOnlyOnFailureTestExecutionListener, WebDriverTestExecutionListener, MockWebServiceServerTestExecutionListener, ResetMocksTestExecutionListener]
22:40:31.494 [Test worker] DEBUG org.springframework.test.context.support.AbstractDirtiesContextTestExecutionListener - Before test class: class [PostControllerTest], class annotated with @DirtiesContext [false] with mode [null]

  .   ____          _            __ _ _
 /\\ / ___'_ __ _ _(_)_ __  __ _ \ \ \ \
( ( )\___ | '_ | '_| | '_ \/ _` | \ \ \ \
 \\/  ___)| |_)| | | | | || (_| |  ) ) ) )
  '  |____| .__|_| |_|_| |_\__, | / / / /
 =========|_|==============|___/=/_/_/_/
 :: Spring Boot ::                (v3.0.2)

2023-02-12T22:40:31.624+09:00  INFO 18994 --- [    Test worker] c.i.j.controller.PostControllerTest      : Starting PostControllerTest using Java 17.0.2 with PID 18994 (started by leeeehgnaj in /Users/leeeehgnaj/Desktop/Coding/Jangstagram)
2023-02-12T22:40:31.624+09:00  INFO 18994 --- [    Test worker] c.i.j.controller.PostControllerTest      : No active profile set, falling back to 1 default profile: "default"
2023-02-12T22:40:31.872+09:00  INFO 18994 --- [    Test worker] .s.d.r.c.RepositoryConfigurationDelegate : Bootstrapping Spring Data JPA repositories in DEFAULT mode.
2023-02-12T22:40:31.894+09:00  INFO 18994 --- [    Test worker] .s.d.r.c.RepositoryConfigurationDelegate : Finished Spring Data repository scanning in 18 ms. Found 1 JPA repository interfaces.
2023-02-12T22:40:32.074+09:00  INFO 18994 --- [    Test worker] o.hibernate.jpa.internal.util.LogHelper  : HHH000204: Processing PersistenceUnitInfo [name: default]
2023-02-12T22:40:32.094+09:00  INFO 18994 --- [    Test worker] org.hibernate.Version                    : HHH000412: Hibernate ORM core version 6.1.6.Final
2023-02-12T22:40:32.165+09:00  WARN 18994 --- [    Test worker] org.hibernate.orm.deprecation            : HHH90000021: Encountered deprecated setting [javax.persistence.sharedCache.mode], use [jakarta.persistence.sharedCache.mode] instead
2023-02-12T22:40:32.212+09:00  INFO 18994 --- [    Test worker] com.zaxxer.hikari.HikariDataSource       : HikariPool-1 - Starting...
2023-02-12T22:40:32.249+09:00  INFO 18994 --- [    Test worker] com.zaxxer.hikari.pool.HikariPool        : HikariPool-1 - Added connection conn0: url=jdbc:h2:tcp://localhost/~/jangstagram user=SA
2023-02-12T22:40:32.250+09:00  INFO 18994 --- [    Test worker] com.zaxxer.hikari.HikariDataSource       : HikariPool-1 - Start completed.
2023-02-12T22:40:32.266+09:00  INFO 18994 --- [    Test worker] SQL dialect                              : HHH000400: Using dialect: org.hibernate.dialect.H2Dialect
2023-02-12T22:40:32.570+09:00  INFO 18994 --- [    Test worker] o.h.e.t.j.p.i.JtaPlatformInitiator       : HHH000490: Using JtaPlatform implementation: [org.hibernate.engine.transaction.jta.platform.internal.NoJtaPlatform]
2023-02-12T22:40:32.574+09:00  INFO 18994 --- [    Test worker] j.LocalContainerEntityManagerFactoryBean : Initialized JPA EntityManagerFactory for persistence unit 'default'
2023-02-12T22:40:32.747+09:00  WARN 18994 --- [    Test worker] JpaBaseConfiguration$JpaWebConfiguration : spring.jpa.open-in-view is enabled by default. Therefore, database queries may be performed during view rendering. Explicitly configure spring.jpa.open-in-view to disable this warning
2023-02-12T22:40:32.897+09:00  INFO 18994 --- [    Test worker] o.s.b.t.m.w.SpringBootMockServletContext : Initializing Spring TestDispatcherServlet ''
2023-02-12T22:40:32.898+09:00  INFO 18994 --- [    Test worker] o.s.t.web.servlet.TestDispatcherServlet  : Initializing Servlet ''
2023-02-12T22:40:32.899+09:00  INFO 18994 --- [    Test worker] o.s.t.web.servlet.TestDispatcherServlet  : Completed initialization in 0 ms
2023-02-12T22:40:32.912+09:00  INFO 18994 --- [    Test worker] c.i.j.controller.PostControllerTest      : Started PostControllerTest in 1.399 seconds (process running for 1.849)

MockHttpServletRequest:
      HTTP Method = GET
      Request URI = /posts
       Parameters = {page=[0]}
          Headers = [Content-Type:"application/json;charset=UTF-8"]
             Body = null
    Session Attrs = {}

Handler:
             Type = com.insta.jangstagram.controller.PostController
           Method = com.insta.jangstagram.controller.PostController#getList(int)

Async:
    Async started = false
     Async result = null

Resolved Exception:
             Type = null

ModelAndView:
        View name = null
             View = null
            Model = null

FlashMap:
       Attributes = null

MockHttpServletResponse:
           Status = 200
    Error message = null
          Headers = [Content-Type:"application/json"]
     Content type = application/json
             Body = [{"id":1,"title":"title1","content":"content1"},{"id":2,"title":"title2","content":"content2"},{"id":3,"title":"title3","content":"content3"},{"id":4,"title":"title4","content":"content4"},{"id":5,"title":"title5","content":"content5"}]
    Forwarded URL = null
   Redirected URL = null
          Cookies = []
]]></system-out>
  <system-err><![CDATA[]]></system-err>
</testsuite>
